[2023-12-03T19:40:05.758+0000] {taskinstance.py:1159} INFO - Dependencies all met for dep_context=non-requeueable deps ti=<TaskInstance: weather_scrapper.create_table manual__2023-12-03T19:40:02.837435+00:00 [queued]>
[2023-12-03T19:40:05.777+0000] {taskinstance.py:1159} INFO - Dependencies all met for dep_context=requeueable deps ti=<TaskInstance: weather_scrapper.create_table manual__2023-12-03T19:40:02.837435+00:00 [queued]>
[2023-12-03T19:40:05.779+0000] {taskinstance.py:1361} INFO - Starting attempt 1 of 1
[2023-12-03T19:40:05.815+0000] {taskinstance.py:1382} INFO - Executing <Task(PostgresOperator): create_table> on 2023-12-03 19:40:02.837435+00:00
[2023-12-03T19:40:05.822+0000] {standard_task_runner.py:57} INFO - Started process 826 to run task
[2023-12-03T19:40:05.826+0000] {standard_task_runner.py:84} INFO - Running: ['***', 'tasks', 'run', 'weather_scrapper', 'create_table', 'manual__2023-12-03T19:40:02.837435+00:00', '--job-id', '52', '--raw', '--subdir', 'DAGS_FOLDER/weather_scrapper.py', '--cfg-path', '/tmp/tmpbbuf5tlj']
[2023-12-03T19:40:05.829+0000] {standard_task_runner.py:85} INFO - Job 52: Subtask create_table
[2023-12-03T19:40:05.889+0000] {task_command.py:416} INFO - Running <TaskInstance: weather_scrapper.create_table manual__2023-12-03T19:40:02.837435+00:00 [running]> on host 046e595e6dd8
[2023-12-03T19:40:05.991+0000] {taskinstance.py:1662} INFO - Exporting env vars: AIRFLOW_CTX_DAG_OWNER='***' AIRFLOW_CTX_DAG_ID='weather_scrapper' AIRFLOW_CTX_TASK_ID='create_table' AIRFLOW_CTX_EXECUTION_DATE='2023-12-03T19:40:02.837435+00:00' AIRFLOW_CTX_TRY_NUMBER='1' AIRFLOW_CTX_DAG_RUN_ID='manual__2023-12-03T19:40:02.837435+00:00'
[2023-12-03T19:40:05.995+0000] {sql.py:274} INFO - Executing: 
        CREATE TABLE IF NOT EXISTS weather (
            city VARCHAR(255),
            time TIMESTAMP,
            t FLOAT,
            h FLOAT,
            c FLOAT,
            ws FLOAT
        );
        
[2023-12-03T19:40:06.016+0000] {base.py:73} INFO - Using connection ID 'hw1_postgres' for task execution.
[2023-12-03T19:40:06.038+0000] {base.py:73} INFO - Using connection ID 'hw1_postgres' for task execution.
[2023-12-03T19:40:06.044+0000] {sql.py:418} INFO - Running statement: 
        CREATE TABLE IF NOT EXISTS weather (
            city VARCHAR(255),
            time TIMESTAMP,
            t FLOAT,
            h FLOAT,
            c FLOAT,
            ws FLOAT
        );
        , parameters: None
[2023-12-03T19:40:06.064+0000] {taskinstance.py:1400} INFO - Marking task as SUCCESS. dag_id=weather_scrapper, task_id=create_table, execution_date=20231203T194002, start_date=20231203T194005, end_date=20231203T194006
[2023-12-03T19:40:06.118+0000] {local_task_job_runner.py:228} INFO - Task exited with return code 0
[2023-12-03T19:40:06.160+0000] {taskinstance.py:2778} INFO - 5 downstream tasks scheduled from follow-on schedule check
