[2023-12-03T19:41:34.043+0000] {taskinstance.py:1159} INFO - Dependencies all met for dep_context=non-requeueable deps ti=<TaskInstance: weather_scrapper.transform_Kyiv.push_Kyiv manual__2023-12-03T19:41:15.893768+00:00 [queued]>
[2023-12-03T19:41:34.080+0000] {taskinstance.py:1159} INFO - Dependencies all met for dep_context=requeueable deps ti=<TaskInstance: weather_scrapper.transform_Kyiv.push_Kyiv manual__2023-12-03T19:41:15.893768+00:00 [queued]>
[2023-12-03T19:41:34.081+0000] {taskinstance.py:1361} INFO - Starting attempt 1 of 1
[2023-12-03T19:41:34.122+0000] {taskinstance.py:1382} INFO - Executing <Task(PostgresOperator): transform_Kyiv.push_Kyiv> on 2023-12-03 19:41:15.893768+00:00
[2023-12-03T19:41:34.131+0000] {standard_task_runner.py:57} INFO - Started process 965 to run task
[2023-12-03T19:41:34.136+0000] {standard_task_runner.py:84} INFO - Running: ['***', 'tasks', 'run', 'weather_scrapper', 'transform_Kyiv.push_Kyiv', 'manual__2023-12-03T19:41:15.893768+00:00', '--job-id', '93', '--raw', '--subdir', 'DAGS_FOLDER/weather_scrapper.py', '--cfg-path', '/tmp/tmp2czhhqoa']
[2023-12-03T19:41:34.149+0000] {standard_task_runner.py:85} INFO - Job 93: Subtask transform_Kyiv.push_Kyiv
[2023-12-03T19:41:34.274+0000] {task_command.py:416} INFO - Running <TaskInstance: weather_scrapper.transform_Kyiv.push_Kyiv manual__2023-12-03T19:41:15.893768+00:00 [running]> on host 046e595e6dd8
[2023-12-03T19:41:34.564+0000] {taskinstance.py:1662} INFO - Exporting env vars: AIRFLOW_CTX_DAG_OWNER='***' AIRFLOW_CTX_DAG_ID='weather_scrapper' AIRFLOW_CTX_TASK_ID='transform_Kyiv.push_Kyiv' AIRFLOW_CTX_EXECUTION_DATE='2023-12-03T19:41:15.893768+00:00' AIRFLOW_CTX_TRY_NUMBER='1' AIRFLOW_CTX_DAG_RUN_ID='manual__2023-12-03T19:41:15.893768+00:00'
[2023-12-03T19:41:34.568+0000] {sql.py:274} INFO - Executing: 
                INSERT INTO weather (city, time, t, h, c, ws) 
                VALUES (%s, %s, %s, %s, %s, %s);
                
[2023-12-03T19:41:34.594+0000] {base.py:73} INFO - Using connection ID 'hw1_postgres' for task execution.
[2023-12-03T19:41:34.617+0000] {base.py:73} INFO - Using connection ID 'hw1_postgres' for task execution.
[2023-12-03T19:41:34.623+0000] {sql.py:418} INFO - Running statement: 
                INSERT INTO weather (city, time, t, h, c, ws) 
                VALUES (%s, %s, %s, %s, %s, %s);
                , parameters: ['Kyiv', '2023-12-03', '272.83', '90', '100', '0.45']
[2023-12-03T19:41:34.626+0000] {sql.py:427} INFO - Rows affected: 1
[2023-12-03T19:41:34.648+0000] {taskinstance.py:1400} INFO - Marking task as SUCCESS. dag_id=weather_scrapper, task_id=transform_Kyiv.push_Kyiv, execution_date=20231203T194115, start_date=20231203T194134, end_date=20231203T194134
[2023-12-03T19:41:34.734+0000] {local_task_job_runner.py:228} INFO - Task exited with return code 0
[2023-12-03T19:41:34.758+0000] {taskinstance.py:2778} INFO - 0 downstream tasks scheduled from follow-on schedule check
