[2023-12-03T19:41:33.940+0000] {taskinstance.py:1159} INFO - Dependencies all met for dep_context=non-requeueable deps ti=<TaskInstance: weather_scrapper.transform_Kharkiv.push_Kharkiv manual__2023-12-03T19:41:15.893768+00:00 [queued]>
[2023-12-03T19:41:33.962+0000] {taskinstance.py:1159} INFO - Dependencies all met for dep_context=requeueable deps ti=<TaskInstance: weather_scrapper.transform_Kharkiv.push_Kharkiv manual__2023-12-03T19:41:15.893768+00:00 [queued]>
[2023-12-03T19:41:33.964+0000] {taskinstance.py:1361} INFO - Starting attempt 1 of 1
[2023-12-03T19:41:33.993+0000] {taskinstance.py:1382} INFO - Executing <Task(PostgresOperator): transform_Kharkiv.push_Kharkiv> on 2023-12-03 19:41:15.893768+00:00
[2023-12-03T19:41:34.002+0000] {standard_task_runner.py:57} INFO - Started process 963 to run task
[2023-12-03T19:41:34.007+0000] {standard_task_runner.py:84} INFO - Running: ['***', 'tasks', 'run', 'weather_scrapper', 'transform_Kharkiv.push_Kharkiv', 'manual__2023-12-03T19:41:15.893768+00:00', '--job-id', '91', '--raw', '--subdir', 'DAGS_FOLDER/weather_scrapper.py', '--cfg-path', '/tmp/tmpn3pnr47_']
[2023-12-03T19:41:34.013+0000] {standard_task_runner.py:85} INFO - Job 91: Subtask transform_Kharkiv.push_Kharkiv
[2023-12-03T19:41:34.117+0000] {task_command.py:416} INFO - Running <TaskInstance: weather_scrapper.transform_Kharkiv.push_Kharkiv manual__2023-12-03T19:41:15.893768+00:00 [running]> on host 046e595e6dd8
[2023-12-03T19:41:34.430+0000] {taskinstance.py:1662} INFO - Exporting env vars: AIRFLOW_CTX_DAG_OWNER='***' AIRFLOW_CTX_DAG_ID='weather_scrapper' AIRFLOW_CTX_TASK_ID='transform_Kharkiv.push_Kharkiv' AIRFLOW_CTX_EXECUTION_DATE='2023-12-03T19:41:15.893768+00:00' AIRFLOW_CTX_TRY_NUMBER='1' AIRFLOW_CTX_DAG_RUN_ID='manual__2023-12-03T19:41:15.893768+00:00'
[2023-12-03T19:41:34.436+0000] {sql.py:274} INFO - Executing: 
                INSERT INTO weather (city, time, t, h, c, ws) 
                VALUES (%s, %s, %s, %s, %s, %s);
                
[2023-12-03T19:41:34.456+0000] {base.py:73} INFO - Using connection ID 'hw1_postgres' for task execution.
[2023-12-03T19:41:34.474+0000] {base.py:73} INFO - Using connection ID 'hw1_postgres' for task execution.
[2023-12-03T19:41:34.480+0000] {sql.py:418} INFO - Running statement: 
                INSERT INTO weather (city, time, t, h, c, ws) 
                VALUES (%s, %s, %s, %s, %s, %s);
                , parameters: ['Kharkiv', '2023-12-03', '274.68', '90', '100', '5.64']
[2023-12-03T19:41:34.481+0000] {sql.py:427} INFO - Rows affected: 1
[2023-12-03T19:41:34.528+0000] {taskinstance.py:1400} INFO - Marking task as SUCCESS. dag_id=weather_scrapper, task_id=transform_Kharkiv.push_Kharkiv, execution_date=20231203T194115, start_date=20231203T194133, end_date=20231203T194134
[2023-12-03T19:41:34.558+0000] {local_task_job_runner.py:228} INFO - Task exited with return code 0
[2023-12-03T19:41:34.612+0000] {taskinstance.py:2778} INFO - 0 downstream tasks scheduled from follow-on schedule check
