[2023-12-03T19:26:51.499+0000] {taskinstance.py:1159} INFO - Dependencies all met for dep_context=non-requeueable deps ti=<TaskInstance: weather_scrapper.create_table manual__2023-12-03T19:26:49.266809+00:00 [queued]>
[2023-12-03T19:26:51.514+0000] {taskinstance.py:1159} INFO - Dependencies all met for dep_context=requeueable deps ti=<TaskInstance: weather_scrapper.create_table manual__2023-12-03T19:26:49.266809+00:00 [queued]>
[2023-12-03T19:26:51.515+0000] {taskinstance.py:1361} INFO - Starting attempt 1 of 1
[2023-12-03T19:26:51.542+0000] {taskinstance.py:1382} INFO - Executing <Task(PostgresOperator): create_table> on 2023-12-03 19:26:49.266809+00:00
[2023-12-03T19:26:51.548+0000] {standard_task_runner.py:57} INFO - Started process 529 to run task
[2023-12-03T19:26:51.551+0000] {standard_task_runner.py:84} INFO - Running: ['***', 'tasks', 'run', 'weather_scrapper', 'create_table', 'manual__2023-12-03T19:26:49.266809+00:00', '--job-id', '20', '--raw', '--subdir', 'DAGS_FOLDER/weather_scrapper.py', '--cfg-path', '/tmp/tmpm1y8fi1c']
[2023-12-03T19:26:51.555+0000] {standard_task_runner.py:85} INFO - Job 20: Subtask create_table
[2023-12-03T19:26:51.604+0000] {task_command.py:416} INFO - Running <TaskInstance: weather_scrapper.create_table manual__2023-12-03T19:26:49.266809+00:00 [running]> on host 046e595e6dd8
[2023-12-03T19:26:51.699+0000] {taskinstance.py:1662} INFO - Exporting env vars: AIRFLOW_CTX_DAG_OWNER='***' AIRFLOW_CTX_DAG_ID='weather_scrapper' AIRFLOW_CTX_TASK_ID='create_table' AIRFLOW_CTX_EXECUTION_DATE='2023-12-03T19:26:49.266809+00:00' AIRFLOW_CTX_TRY_NUMBER='1' AIRFLOW_CTX_DAG_RUN_ID='manual__2023-12-03T19:26:49.266809+00:00'
[2023-12-03T19:26:51.702+0000] {sql.py:274} INFO - Executing: 
        CREATE TABLE IF NOT EXISTS measures (
            city VARCHAR(255),
            timestamp TIMESTAMP,
            temperature FLOAT,
            humidity FLOAT,
            cloudiness FLOAT,
            wind_speed FLOAT
        );
        
[2023-12-03T19:26:51.712+0000] {base.py:73} INFO - Using connection ID 'hw1_postgres' for task execution.
[2023-12-03T19:26:51.724+0000] {base.py:73} INFO - Using connection ID 'hw1_postgres' for task execution.
[2023-12-03T19:26:51.728+0000] {sql.py:418} INFO - Running statement: 
        CREATE TABLE IF NOT EXISTS measures (
            city VARCHAR(255),
            timestamp TIMESTAMP,
            temperature FLOAT,
            humidity FLOAT,
            cloudiness FLOAT,
            wind_speed FLOAT
        );
        , parameters: None
[2023-12-03T19:26:51.745+0000] {taskinstance.py:1400} INFO - Marking task as SUCCESS. dag_id=weather_scrapper, task_id=create_table, execution_date=20231203T192649, start_date=20231203T192651, end_date=20231203T192651
[2023-12-03T19:26:51.804+0000] {local_task_job_runner.py:228} INFO - Task exited with return code 0
[2023-12-03T19:26:51.843+0000] {taskinstance.py:2778} INFO - 5 downstream tasks scheduled from follow-on schedule check
