[2023-12-03T19:41:18.358+0000] {taskinstance.py:1159} INFO - Dependencies all met for dep_context=non-requeueable deps ti=<TaskInstance: weather_scrapper.create_table manual__2023-12-03T19:41:15.893768+00:00 [queued]>
[2023-12-03T19:41:18.383+0000] {taskinstance.py:1159} INFO - Dependencies all met for dep_context=requeueable deps ti=<TaskInstance: weather_scrapper.create_table manual__2023-12-03T19:41:15.893768+00:00 [queued]>
[2023-12-03T19:41:18.384+0000] {taskinstance.py:1361} INFO - Starting attempt 1 of 1
[2023-12-03T19:41:18.405+0000] {taskinstance.py:1382} INFO - Executing <Task(PostgresOperator): create_table> on 2023-12-03 19:41:15.893768+00:00
[2023-12-03T19:41:18.412+0000] {standard_task_runner.py:57} INFO - Started process 905 to run task
[2023-12-03T19:41:18.415+0000] {standard_task_runner.py:84} INFO - Running: ['***', 'tasks', 'run', 'weather_scrapper', 'create_table', 'manual__2023-12-03T19:41:15.893768+00:00', '--job-id', '73', '--raw', '--subdir', 'DAGS_FOLDER/weather_scrapper.py', '--cfg-path', '/tmp/tmpptyovgt5']
[2023-12-03T19:41:18.420+0000] {standard_task_runner.py:85} INFO - Job 73: Subtask create_table
[2023-12-03T19:41:18.509+0000] {task_command.py:416} INFO - Running <TaskInstance: weather_scrapper.create_table manual__2023-12-03T19:41:15.893768+00:00 [running]> on host 046e595e6dd8
[2023-12-03T19:41:18.616+0000] {taskinstance.py:1662} INFO - Exporting env vars: AIRFLOW_CTX_DAG_OWNER='***' AIRFLOW_CTX_DAG_ID='weather_scrapper' AIRFLOW_CTX_TASK_ID='create_table' AIRFLOW_CTX_EXECUTION_DATE='2023-12-03T19:41:15.893768+00:00' AIRFLOW_CTX_TRY_NUMBER='1' AIRFLOW_CTX_DAG_RUN_ID='manual__2023-12-03T19:41:15.893768+00:00'
[2023-12-03T19:41:18.620+0000] {sql.py:274} INFO - Executing: 
        CREATE TABLE IF NOT EXISTS weather (
            city VARCHAR(255),
            time TIMESTAMP,
            t FLOAT,
            h FLOAT,
            c FLOAT,
            ws FLOAT
        );
        
[2023-12-03T19:41:18.636+0000] {base.py:73} INFO - Using connection ID 'hw1_postgres' for task execution.
[2023-12-03T19:41:18.651+0000] {base.py:73} INFO - Using connection ID 'hw1_postgres' for task execution.
[2023-12-03T19:41:18.656+0000] {sql.py:418} INFO - Running statement: 
        CREATE TABLE IF NOT EXISTS weather (
            city VARCHAR(255),
            time TIMESTAMP,
            t FLOAT,
            h FLOAT,
            c FLOAT,
            ws FLOAT
        );
        , parameters: None
[2023-12-03T19:41:18.673+0000] {taskinstance.py:1400} INFO - Marking task as SUCCESS. dag_id=weather_scrapper, task_id=create_table, execution_date=20231203T194115, start_date=20231203T194118, end_date=20231203T194118
[2023-12-03T19:41:18.709+0000] {local_task_job_runner.py:228} INFO - Task exited with return code 0
[2023-12-03T19:41:18.764+0000] {taskinstance.py:2778} INFO - 5 downstream tasks scheduled from follow-on schedule check
