[2023-12-03T19:30:20.611+0000] {taskinstance.py:1159} INFO - Dependencies all met for dep_context=non-requeueable deps ti=<TaskInstance: weather_scrapper.transform_and_push_Zhmerynka.push_to_db_Zhmerynka manual__2023-12-03T19:29:59.598338+00:00 [queued]>
[2023-12-03T19:30:20.633+0000] {taskinstance.py:1159} INFO - Dependencies all met for dep_context=requeueable deps ti=<TaskInstance: weather_scrapper.transform_and_push_Zhmerynka.push_to_db_Zhmerynka manual__2023-12-03T19:29:59.598338+00:00 [queued]>
[2023-12-03T19:30:20.634+0000] {taskinstance.py:1361} INFO - Starting attempt 1 of 1
[2023-12-03T19:30:20.678+0000] {taskinstance.py:1382} INFO - Executing <Task(PostgresOperator): transform_and_push_Zhmerynka.push_to_db_Zhmerynka> on 2023-12-03 19:29:59.598338+00:00
[2023-12-03T19:30:20.693+0000] {standard_task_runner.py:57} INFO - Started process 679 to run task
[2023-12-03T19:30:20.701+0000] {standard_task_runner.py:84} INFO - Running: ['***', 'tasks', 'run', 'weather_scrapper', 'transform_and_push_Zhmerynka.push_to_db_Zhmerynka', 'manual__2023-12-03T19:29:59.598338+00:00', '--job-id', '51', '--raw', '--subdir', 'DAGS_FOLDER/weather_scrapper.py', '--cfg-path', '/tmp/tmpe6f_r0uo']
[2023-12-03T19:30:20.706+0000] {standard_task_runner.py:85} INFO - Job 51: Subtask transform_and_push_Zhmerynka.push_to_db_Zhmerynka
[2023-12-03T19:30:20.812+0000] {task_command.py:416} INFO - Running <TaskInstance: weather_scrapper.transform_and_push_Zhmerynka.push_to_db_Zhmerynka manual__2023-12-03T19:29:59.598338+00:00 [running]> on host 046e595e6dd8
[2023-12-03T19:30:21.040+0000] {taskinstance.py:1662} INFO - Exporting env vars: AIRFLOW_CTX_DAG_OWNER='***' AIRFLOW_CTX_DAG_ID='weather_scrapper' AIRFLOW_CTX_TASK_ID='transform_and_push_Zhmerynka.push_to_db_Zhmerynka' AIRFLOW_CTX_EXECUTION_DATE='2023-12-03T19:29:59.598338+00:00' AIRFLOW_CTX_TRY_NUMBER='1' AIRFLOW_CTX_DAG_RUN_ID='manual__2023-12-03T19:29:59.598338+00:00'
[2023-12-03T19:30:21.043+0000] {sql.py:274} INFO - Executing: 
                INSERT INTO measures (city, timestamp, temperature, humidity, cloudiness, wind_speed) 
                VALUES (%s, %s, %s, %s, %s, %s);
                
[2023-12-03T19:30:21.057+0000] {base.py:73} INFO - Using connection ID 'hw1_postgres' for task execution.
[2023-12-03T19:30:21.076+0000] {base.py:73} INFO - Using connection ID 'hw1_postgres' for task execution.
[2023-12-03T19:30:21.081+0000] {sql.py:418} INFO - Running statement: 
                INSERT INTO measures (city, timestamp, temperature, humidity, cloudiness, wind_speed) 
                VALUES (%s, %s, %s, %s, %s, %s);
                , parameters: ['Zhmerynka', '2023-12-03', '276.92', '96', '92', '5.98']
[2023-12-03T19:30:21.083+0000] {sql.py:427} INFO - Rows affected: 1
[2023-12-03T19:30:21.104+0000] {taskinstance.py:1400} INFO - Marking task as SUCCESS. dag_id=weather_scrapper, task_id=transform_and_push_Zhmerynka.push_to_db_Zhmerynka, execution_date=20231203T192959, start_date=20231203T193020, end_date=20231203T193021
[2023-12-03T19:30:21.194+0000] {local_task_job_runner.py:228} INFO - Task exited with return code 0
[2023-12-03T19:30:21.218+0000] {taskinstance.py:2778} INFO - 0 downstream tasks scheduled from follow-on schedule check
