[2023-12-03T19:41:33.646+0000] {taskinstance.py:1159} INFO - Dependencies all met for dep_context=non-requeueable deps ti=<TaskInstance: weather_scrapper.transform_Lviv.push_Lviv manual__2023-12-03T19:41:15.893768+00:00 [queued]>
[2023-12-03T19:41:33.682+0000] {taskinstance.py:1159} INFO - Dependencies all met for dep_context=requeueable deps ti=<TaskInstance: weather_scrapper.transform_Lviv.push_Lviv manual__2023-12-03T19:41:15.893768+00:00 [queued]>
[2023-12-03T19:41:33.682+0000] {taskinstance.py:1361} INFO - Starting attempt 1 of 1
[2023-12-03T19:41:33.717+0000] {taskinstance.py:1382} INFO - Executing <Task(PostgresOperator): transform_Lviv.push_Lviv> on 2023-12-03 19:41:15.893768+00:00
[2023-12-03T19:41:33.730+0000] {standard_task_runner.py:57} INFO - Started process 962 to run task
[2023-12-03T19:41:33.734+0000] {standard_task_runner.py:84} INFO - Running: ['***', 'tasks', 'run', 'weather_scrapper', 'transform_Lviv.push_Lviv', 'manual__2023-12-03T19:41:15.893768+00:00', '--job-id', '90', '--raw', '--subdir', 'DAGS_FOLDER/weather_scrapper.py', '--cfg-path', '/tmp/tmpw6828y9i']
[2023-12-03T19:41:33.740+0000] {standard_task_runner.py:85} INFO - Job 90: Subtask transform_Lviv.push_Lviv
[2023-12-03T19:41:33.852+0000] {task_command.py:416} INFO - Running <TaskInstance: weather_scrapper.transform_Lviv.push_Lviv manual__2023-12-03T19:41:15.893768+00:00 [running]> on host 046e595e6dd8
[2023-12-03T19:41:34.178+0000] {taskinstance.py:1662} INFO - Exporting env vars: AIRFLOW_CTX_DAG_OWNER='***' AIRFLOW_CTX_DAG_ID='weather_scrapper' AIRFLOW_CTX_TASK_ID='transform_Lviv.push_Lviv' AIRFLOW_CTX_EXECUTION_DATE='2023-12-03T19:41:15.893768+00:00' AIRFLOW_CTX_TRY_NUMBER='1' AIRFLOW_CTX_DAG_RUN_ID='manual__2023-12-03T19:41:15.893768+00:00'
[2023-12-03T19:41:34.184+0000] {sql.py:274} INFO - Executing: 
                INSERT INTO weather (city, time, t, h, c, ws) 
                VALUES (%s, %s, %s, %s, %s, %s);
                
[2023-12-03T19:41:34.204+0000] {base.py:73} INFO - Using connection ID 'hw1_postgres' for task execution.
[2023-12-03T19:41:34.246+0000] {base.py:73} INFO - Using connection ID 'hw1_postgres' for task execution.
[2023-12-03T19:41:34.258+0000] {sql.py:418} INFO - Running statement: 
                INSERT INTO weather (city, time, t, h, c, ws) 
                VALUES (%s, %s, %s, %s, %s, %s);
                , parameters: ['Lviv', '2023-12-03', '270.83', '94', '100', '6.91']
[2023-12-03T19:41:34.260+0000] {sql.py:427} INFO - Rows affected: 1
[2023-12-03T19:41:34.278+0000] {taskinstance.py:1400} INFO - Marking task as SUCCESS. dag_id=weather_scrapper, task_id=transform_Lviv.push_Lviv, execution_date=20231203T194115, start_date=20231203T194133, end_date=20231203T194134
[2023-12-03T19:41:34.367+0000] {local_task_job_runner.py:228} INFO - Task exited with return code 0
[2023-12-03T19:41:34.394+0000] {taskinstance.py:2778} INFO - 0 downstream tasks scheduled from follow-on schedule check
