[2023-12-03T19:30:19.849+0000] {taskinstance.py:1159} INFO - Dependencies all met for dep_context=non-requeueable deps ti=<TaskInstance: weather_scrapper.transform_and_push_Kharkiv.push_to_db_Kharkiv manual__2023-12-03T19:29:59.598338+00:00 [queued]>
[2023-12-03T19:30:19.871+0000] {taskinstance.py:1159} INFO - Dependencies all met for dep_context=requeueable deps ti=<TaskInstance: weather_scrapper.transform_and_push_Kharkiv.push_to_db_Kharkiv manual__2023-12-03T19:29:59.598338+00:00 [queued]>
[2023-12-03T19:30:19.878+0000] {taskinstance.py:1361} INFO - Starting attempt 1 of 1
[2023-12-03T19:30:19.918+0000] {taskinstance.py:1382} INFO - Executing <Task(PostgresOperator): transform_and_push_Kharkiv.push_to_db_Kharkiv> on 2023-12-03 19:29:59.598338+00:00
[2023-12-03T19:30:19.935+0000] {standard_task_runner.py:57} INFO - Started process 675 to run task
[2023-12-03T19:30:19.946+0000] {standard_task_runner.py:84} INFO - Running: ['***', 'tasks', 'run', 'weather_scrapper', 'transform_and_push_Kharkiv.push_to_db_Kharkiv', 'manual__2023-12-03T19:29:59.598338+00:00', '--job-id', '47', '--raw', '--subdir', 'DAGS_FOLDER/weather_scrapper.py', '--cfg-path', '/tmp/tmpvmw3c2e1']
[2023-12-03T19:30:19.951+0000] {standard_task_runner.py:85} INFO - Job 47: Subtask transform_and_push_Kharkiv.push_to_db_Kharkiv
[2023-12-03T19:30:20.089+0000] {task_command.py:416} INFO - Running <TaskInstance: weather_scrapper.transform_and_push_Kharkiv.push_to_db_Kharkiv manual__2023-12-03T19:29:59.598338+00:00 [running]> on host 046e595e6dd8
[2023-12-03T19:30:20.544+0000] {taskinstance.py:1662} INFO - Exporting env vars: AIRFLOW_CTX_DAG_OWNER='***' AIRFLOW_CTX_DAG_ID='weather_scrapper' AIRFLOW_CTX_TASK_ID='transform_and_push_Kharkiv.push_to_db_Kharkiv' AIRFLOW_CTX_EXECUTION_DATE='2023-12-03T19:29:59.598338+00:00' AIRFLOW_CTX_TRY_NUMBER='1' AIRFLOW_CTX_DAG_RUN_ID='manual__2023-12-03T19:29:59.598338+00:00'
[2023-12-03T19:30:20.549+0000] {sql.py:274} INFO - Executing: 
                INSERT INTO measures (city, timestamp, temperature, humidity, cloudiness, wind_speed) 
                VALUES (%s, %s, %s, %s, %s, %s);
                
[2023-12-03T19:30:20.588+0000] {base.py:73} INFO - Using connection ID 'hw1_postgres' for task execution.
[2023-12-03T19:30:20.614+0000] {base.py:73} INFO - Using connection ID 'hw1_postgres' for task execution.
[2023-12-03T19:30:20.627+0000] {sql.py:418} INFO - Running statement: 
                INSERT INTO measures (city, timestamp, temperature, humidity, cloudiness, wind_speed) 
                VALUES (%s, %s, %s, %s, %s, %s);
                , parameters: ['Kharkiv', '2023-12-03', '274.68', '90', '100', '5.64']
[2023-12-03T19:30:20.630+0000] {sql.py:427} INFO - Rows affected: 1
[2023-12-03T19:30:20.650+0000] {taskinstance.py:1400} INFO - Marking task as SUCCESS. dag_id=weather_scrapper, task_id=transform_and_push_Kharkiv.push_to_db_Kharkiv, execution_date=20231203T192959, start_date=20231203T193019, end_date=20231203T193020
[2023-12-03T19:30:20.705+0000] {local_task_job_runner.py:228} INFO - Task exited with return code 0
[2023-12-03T19:30:20.739+0000] {taskinstance.py:2778} INFO - 0 downstream tasks scheduled from follow-on schedule check
